<?xml version="1.0" encoding="UTF-8"?>
<!-- Generated by org.testng.reporters.JUnitReportReporter -->
<testsuite hostname="DESKTOP-32ERK54" name="fc_TestCases.TC_Dataprovider_001" tests="2" failures="0" timestamp="21 Apr 2020 10:37:59 GMT" time="66.902" errors="0">
  <testcase name="Logintest" time="7.478" classname="fc_TestCases.TC_Dataprovider_001"/>
  <testcase name="Logintest" time="59.424" classname="fc_TestCases.TC_Dataprovider_001"/>
</testsuite> <!-- fc_TestCases.TC_Dataprovider_001 -->
