<?xml version="1.0" encoding="UTF-8"?>
<!-- Generated by org.testng.reporters.JUnitReportReporter -->
<testsuite hostname="DESKTOP-32ERK54" name="fc_TestCases.TC_Filldetails_003" tests="1" failures="0" timestamp="21 Apr 2020 10:37:59 GMT" time="164.450" errors="0">
  <testcase name="filldetails" time="164.450" classname="fc_TestCases.TC_Filldetails_003"/>
</testsuite> <!-- fc_TestCases.TC_Filldetails_003 -->
