<?xml version="1.0" encoding="UTF-8"?>
<!-- Generated by org.testng.reporters.JUnitReportReporter -->
<testsuite hostname="DESKTOP-32ERK54" name="fc_TestCases.fc_TC_001" tests="1" failures="0" timestamp="21 Apr 2020 10:37:59 GMT" time="38.594" errors="0">
  <testcase name="TC_001" time="38.594" classname="fc_TestCases.fc_TC_001"/>
</testsuite> <!-- fc_TestCases.fc_TC_001 -->
